<?xml version="1.0" encoding="UTF-8"?>
<!-- Generated by org.testng.reporters.JUnitXMLReporter -->
<testsuite hostname="DELL-PC" name="Test" tests="4" failures="0" timestamp="13 Apr 2019 17:40:45 GMT" time="106.194" errors="0">
  <testcase name="Subscribe" time="18.916" classname="org.Testing.TestScripts.TC4"/>
  <testcase name="Like" time="12.981" classname="org.Testing.TestScripts.TC3"/>
  <testcase name="Subscriptions" time="10.818" classname="org.Testing.TestScripts.TC2"/>
  <testcase name="Trending" time="11.221" classname="org.Testing.TestScripts.TC1"/>
</testsuite> <!-- Test -->
