<?xml version="1.0" encoding="UTF-8"?>
<testng-results skipped="0" failed="0" total="1" passed="1">
  <reporter-output>
  </reporter-output>
  <suite name="Default suite" duration-ms="44850" started-at="2019-04-18T18:19:28Z" finished-at="2019-04-18T18:20:13Z">
    <groups>
    </groups>
    <test name="Default test" duration-ms="44850" started-at="2019-04-18T18:19:28Z" finished-at="2019-04-18T18:20:13Z">
      <class name="org.Testing.TestScripts.TC1">
        <test-method status="PASS" signature="browser_launch()[pri:0, instance:org.Testing.TestScripts.TC1@5700d6b1]" name="browser_launch" is-config="true" duration-ms="24720" started-at="2019-04-18T23:49:28Z" finished-at="2019-04-18T23:49:53Z">
          <reporter-output>
          </reporter-output>
        </test-method> <!-- browser_launch -->
        <test-method status="PASS" signature="Trending()[pri:0, instance:org.Testing.TestScripts.TC1@5700d6b1]" name="Trending" duration-ms="15687" started-at="2019-04-18T23:49:53Z" finished-at="2019-04-18T23:50:08Z">
          <reporter-output>
          </reporter-output>
        </test-method> <!-- Trending -->
        <test-method status="PASS" signature="close_browser()[pri:0, instance:org.Testing.TestScripts.TC1@5700d6b1]" name="close_browser" is-config="true" duration-ms="4425" started-at="2019-04-18T23:50:08Z" finished-at="2019-04-18T23:50:13Z">
          <reporter-output>
          </reporter-output>
        </test-method> <!-- close_browser -->
      </class> <!-- org.Testing.TestScripts.TC1 -->
    </test> <!-- Default test -->
  </suite> <!-- Default suite -->
</testng-results>
